Initialize engine version: 2020.3.38f1 (8f5fde82e2dc)
[Subsystems] Discovering subsystems at path D:/Games/Dave The Diver/DaveTheDiver_Data/UnitySubsystems
GfxDevice: creating device client; threaded=1
Direct3D:
    Version:  Direct3D 11.0 [level 11.1]
    Renderer: NVIDIA GeForce RTX 2060 (ID=0x1f08)
    Vendor:   
    VRAM:     5980 MB
    Driver:   31.0.15.1694
<RI> Initializing input.
New input system (experimental) initialized
<RI> Input initialized.
<RI> Initialized touch support.
UnloadTime: 0.510200 ms
Odin Serializer ArchitectureInfo initialization with defaults (all unaligned read/writes disabled).
UnityEngine.Logger:Log(LogType, Object)
UnityEngine.Debug:Log(Object)
Sirenix.Serialization.BinaryDataReader:UNSAFE_Read_1_SByte(SByte&)
Sirenix.Serialization.BinaryDataReader:EnterArray(Int64&)
Sirenix.Serialization.ListFormatter`1:DeserializeImplementation(List`1&, IDataReader)
Sirenix.Serialization.BaseFormatter`1:Deserialize(IDataReader)
Sirenix.Serialization.AnySerializer:ReadValueWeak(IDataReader)
Sirenix.Serialization.UnitySerializationUtility:DeserializeUnityObject(Object, IDataReader)
Sirenix.Serialization.UnitySerializationUtility:DeserializeUnityObject(Object, Byte[]&, List`1&, DataFormat, DeserializationContext)
Sirenix.Serialization.UnitySerializationUtility:DeserializeUnityObject(Object, SerializationData&, DeserializationContext, Boolean, List`1)
Sirenix.Serialization.UnitySerializationUtility:DeserializeUnityObject(Object, SerializationData&, DeserializationContext)
Sirenix.OdinInspector.SerializedScriptableObject:UnityEngine.ISerializationCallbackReceiver.OnAfterDeserialize()

[1.786695][SingletonAddrScriptableObject] LoadAssetAsync: obj:SoundConfigManager
UnityEngine.Logger:LogFormat(LogType, String, Object[])
UnityEngine.Debug:LogFormat(String, Object[])
SingletonAddrScriptableObject`1:LoadBundle(Action)

Odin Serializer detected whitelisted runtime platform WindowsPlayer and memory read test succeeded; enabling all unaligned memory read/writes.
UnityEngine.Logger:Log(LogType, Object)
UnityEngine.Debug:Log(Object)
Sirenix.Serialization.ArchitectureInfo:SetRuntimePlatform(RuntimePlatform)
Sirenix.Serialization.UnitySerializationInitializer:Initialize()

Build Version : v1.0.0.933.steam
UnityEngine.Logger:LogFormat(LogType, String, Object[])
UnityEngine.Debug:LogFormat(String, Object[])
LogoManager:Awake()

[2.269631][SingletonAddrScriptableObject] COMPLETE LoadAssetAsync: obj:SoundConfigManager
UnityEngine.Logger:LogFormat(LogType, String, Object[])
UnityEngine.Debug:LogFormat(String, Object[])
<>c__DisplayClass5_0:<LoadBundle>b__0(AsyncOperationHandle`1)
System.Action`1:Invoke(T)
DelegateList`1:Invoke(T)
UnityEngine.ResourceManagement.AsyncOperations.AsyncOperationBase`1:InvokeCompletionEvent()
UnityEngine.ResourceManagement.AsyncOperations.AsyncOperationBase`1:Complete(TObject, Boolean, Exception, Boolean)
UnityEngine.ResourceManagement.AsyncOperations.ProviderOperation`1:ProviderCompleted(T, Boolean, Exception)
UnityEngine.ResourceManagement.ResourceProviders.InternalOp:CompleteOperation()
System.Action`1:Invoke(T)
UnityEngine.AsyncOperation:InvokeCompletionEvent()

SpriteAtlasManager.atlasRequested wasn't listened to while CommonAtlas_Bilinear requested.
[7.016556][SingletonAddrScriptableObject] LoadAssetAsync: obj:DialogueAutoTalker
UnityEngine.Logger:LogFormat(LogType, String, Object[])
UnityEngine.Debug:LogFormat(String, Object[])
SingletonAddrScriptableObject`1:LoadBundle(Action)
SOSingletonFacade:Init()
<Init>d__24:MoveNext()
UnityEngine.SetupCoroutine:InvokeMoveNext(IEnumerator, IntPtr)

[7.01755][SingletonAddrScriptableObject] LoadAssetAsync: obj:DialogueDictionary
UnityEngine.Logger:LogFormat(LogType, String, Object[])
UnityEngine.Debug:LogFormat(String, Object[])
SingletonAddrScriptableObject`1:LoadBundle(Action)
SOSingletonFacade:Init()
<Init>d__24:MoveNext()
UnityEngine.SetupCoroutine:InvokeMoveNext(IEnumerator, IntPtr)

[7.01836][SingletonAddrScriptableObject] LoadAssetAsync: obj:DialogueTalkerCollection
UnityEngine.Logger:LogFormat(LogType, String, Object[])
UnityEngine.Debug:LogFormat(String, Object[])
SingletonAddrScriptableObject`1:LoadBundle(Action)
<Init>d__24:MoveNext()
UnityEngine.SetupCoroutine:InvokeMoveNext(IEnumerator, IntPtr)

[7.897157][SingletonAddrScriptableObject] COMPLETE LoadAssetAsync: obj:DialogueAutoTalker
UnityEngine.Logger:LogFormat(LogType, String, Object[])
UnityEngine.Debug:LogFormat(String, Object[])
<>c__DisplayClass5_0:<LoadBundle>b__0(AsyncOperationHandle`1)
System.Action`1:Invoke(T)
DelegateList`1:Invoke(T)
UnityEngine.ResourceManagement.AsyncOperations.AsyncOperationBase`1:InvokeCompletionEvent()
UnityEngine.ResourceManagement.AsyncOperations.AsyncOperationBase`1:Complete(TObject, Boolean, Exception, Boolean)
UnityEngine.ResourceManagement.AsyncOperations.ProviderOperation`1:ProviderCompleted(T, Boolean, Exception)
UnityEngine.ResourceManagement.ResourceProviders.InternalOp:CompleteOperation()
UnityEngine.ResourceManagement.ResourceProviders.InternalOp:BeginAssetLoad()
UnityEngine.ResourceManagement.ResourceProviders.InternalOp:Start(ProvideHandle)
UnityEngine.ResourceManagement.ResourceProviders.BundledAssetProvider:Provide(ProvideHandle)
UnityEngine.ResourceManagement.AsyncOperations.ProviderOperation`1:Execute()
UnityEngine.ResourceManagement.AsyncOperations.AsyncOperationBase`1:InvokeExecute()
System.Action`1:Invoke(T)
UnityEngine.ResourceManagement.AsyncOperations.<>c__DisplayClass57_0:<add_CompletedTypeless>b__0(AsyncOperationHandle`1)
System.Action`1:Invoke(T)
DelegateList`1:Invoke(T)
UnityEngine.ResourceManagement.AsyncOperations.AsyncOperationBase`1:InvokeCompletionEvent()
UnityEngine.ResourceManagement.AsyncOperations.AsyncOperationBase`1:Complete(TObject, Boolean, Exception, Boolean)
UnityEngine.ResourceManagement.AsyncOperations.GroupOperation:CompleteIfDependenciesComplete()
System.Action`1:Invoke(T)
UnityEngine.ResourceManagement.AsyncOperations.<>c__DisplayClass57_0:<add_CompletedTypeless>b__0(AsyncOperationHandle`1)
System.Action`1:Invoke(T)
DelegateList`1:Invoke(T)
UnityEngine.ResourceManagement.AsyncOperations.AsyncOperationBase`1:InvokeCompletionEvent()
UnityEngine.ResourceManagement.AsyncOperations.AsyncOperationBase`1:Complete(TObject, Boolean, Exception, Boolean)
UnityEngine.ResourceManagement.AsyncOperations.ProviderOperation`1:ProviderCompleted(T, Boolean, Exception)
UnityEngine.ResourceManagement.ResourceProviders.AssetBundleResource:CompleteBundleLoad(AssetBundle)
System.Action`1:Invoke(T)
UnityEngine.AsyncOperation:InvokeCompletionEvent()
UnityEngine.ResourceManagement.ResourceProviders.InternalOp:WaitForCompletionHandler()
System.Func`1:Invoke()
UnityEngine.ResourceManagement.AsyncOperations.AsyncOperationBase`1:WaitForCompletion()
UnityEngine.ResourceManagement.AsyncOperations.AsyncOperationHandle`1:WaitForCompletion()
UnityEngine.ResourceManagement.InstanceOperation:InvokeWaitForCompletion()
UnityEngine.ResourceManagement.AsyncOperations.AsyncOperationBase`1:WaitForCompletion()
UnityEngine.ResourceManagement.AsyncOperations.AsyncOperationHandle`1:WaitForCompletion()
Singleton`1:get_Instance()
GameBase:LoadSavedData()
UnityEngine.Events.UnityAction:Invoke()
<LoadGameData>d__43:MoveNext()
UnityEngine.SetupCoroutine:InvokeMoveNext(IEnumerator, IntPtr)

[7.9928][SingletonAddrScriptableObject] COMPLETE LoadAssetAsync: obj:DialogueDictionary
UnityEngine.Logger:LogFormat(LogType, String, Object[])
UnityEngine.Debug:LogFormat(String, Object[])
<>c__DisplayClass5_0:<LoadBundle>b__0(AsyncOperationHandle`1)
System.Action`1:Invoke(T)
DelegateList`1:Invoke(T)
UnityEngine.ResourceManagement.AsyncOperations.AsyncOperationBase`1:InvokeCompletionEvent()
UnityEngine.ResourceManagement.AsyncOperations.AsyncOperationBase`1:Complete(TObject, Boolean, Exception, Boolean)
UnityEngine.ResourceManagement.AsyncOperations.ProviderOperation`1:ProviderCompleted(T, Boolean, Exception)
UnityEngine.ResourceManagement.ResourceProviders.InternalOp:CompleteOperation()
UnityEngine.ResourceManagement.ResourceProviders.InternalOp:BeginAssetLoad()
UnityEngine.ResourceManagement.ResourceProviders.InternalOp:Start(ProvideHandle)
UnityEngine.ResourceManagement.ResourceProviders.BundledAssetProvider:Provide(ProvideHandle)
UnityEngine.ResourceManagement.AsyncOperations.ProviderOperation`1:Execute()
UnityEngine.ResourceManagement.AsyncOperations.AsyncOperationBase`1:InvokeExecute()
System.Action`1:Invoke(T)
UnityEngine.ResourceManagement.AsyncOperations.<>c__DisplayClass57_0:<add_CompletedTypeless>b__0(AsyncOperationHandle`1)
System.Action`1:Invoke(T)
DelegateList`1:Invoke(T)
UnityEngine.ResourceManagement.AsyncOperations.AsyncOperationBase`1:InvokeCompletionEvent()
UnityEngine.ResourceManagement.AsyncOperations.AsyncOperationBase`1:Complete(TObject, Boolean, Exception, Boolean)
UnityEngine.ResourceManagement.AsyncOperations.GroupOperation:CompleteIfDependenciesComplete()
System.Action`1:Invoke(T)
UnityEngine.ResourceManagement.AsyncOperations.<>c__DisplayClass57_0:<add_CompletedTypeless>b__0(AsyncOperationHandle`1)
System.Action`1:Invoke(T)
DelegateList`1:Invoke(T)
UnityEngine.ResourceManagement.AsyncOperations.AsyncOperationBase`1:InvokeCompletionEvent()
UnityEngine.ResourceManagement.AsyncOperations.AsyncOperationBase`1:Complete(TObject, Boolean, Exception, Boolean)
UnityEngine.ResourceManagement.AsyncOperations.ProviderOperation`1:ProviderCompleted(T, Boolean, Exception)
UnityEngine.ResourceManagement.ResourceProviders.AssetBundleResource:CompleteBundleLoad(AssetBundle)
System.Action`1:Invoke(T)
UnityEngine.AsyncOperation:InvokeCompletionEvent()
UnityEngine.ResourceManagement.ResourceProviders.InternalOp:WaitForCompletionHandler()
System.Func`1:Invoke()
UnityEngine.ResourceManagement.AsyncOperations.AsyncOperationBase`1:WaitForCompletion()
UnityEngine.ResourceManagement.AsyncOperations.AsyncOperationHandle`1:WaitForCompletion()
UnityEngine.ResourceManagement.InstanceOperation:InvokeWaitForCompletion()
UnityEngine.ResourceManagement.AsyncOperations.AsyncOperationBase`1:WaitForCompletion()
UnityEngine.ResourceManagement.AsyncOperations.AsyncOperationHandle`1:WaitForCompletion()
Singleton`1:get_Instance()
GameBase:LoadSavedData()
UnityEngine.Events.UnityAction:Invoke()
<LoadGameData>d__43:MoveNext()
UnityEngine.SetupCoroutine:InvokeMoveNext(IEnumerator, IntPtr)

[8.030869][SingletonAddrScriptableObject] COMPLETE LoadAssetAsync: obj:DialogueTalkerCollection
UnityEngine.Logger:LogFormat(LogType, String, Object[])
UnityEngine.Debug:LogFormat(String, Object[])
<>c__DisplayClass5_0:<LoadBundle>b__0(AsyncOperationHandle`1)
System.Action`1:Invoke(T)
DelegateList`1:Invoke(T)
UnityEngine.ResourceManagement.AsyncOperations.AsyncOperationBase`1:InvokeCompletionEvent()
UnityEngine.ResourceManagement.AsyncOperations.AsyncOperationBase`1:Complete(TObject, Boolean, Exception, Boolean)
UnityEngine.ResourceManagement.AsyncOperations.ProviderOperation`1:ProviderCompleted(T, Boolean, Exception)
UnityEngine.ResourceManagement.ResourceProviders.InternalOp:CompleteOperation()
UnityEngine.ResourceManagement.ResourceProviders.InternalOp:BeginAssetLoad()
UnityEngine.ResourceManagement.ResourceProviders.InternalOp:Start(ProvideHandle)
UnityEngine.ResourceManagement.ResourceProviders.BundledAssetProvider:Provide(ProvideHandle)
UnityEngine.ResourceManagement.AsyncOperations.ProviderOperation`1:Execute()
UnityEngine.ResourceManagement.AsyncOperations.AsyncOperationBase`1:InvokeExecute()
System.Action`1:Invoke(T)
UnityEngine.ResourceManagement.AsyncOperations.<>c__DisplayClass57_0:<add_CompletedTypeless>b__0(AsyncOperationHandle`1)
System.Action`1:Invoke(T)
DelegateList`1:Invoke(T)
UnityEngine.ResourceManagement.AsyncOperations.AsyncOperationBase`1:InvokeCompletionEvent()
UnityEngine.ResourceManagement.AsyncOperations.AsyncOperationBase`1:Complete(TObject, Boolean, Exception, Boolean)
UnityEngine.ResourceManagement.AsyncOperations.GroupOperation:CompleteIfDependenciesComplete()
System.Action`1:Invoke(T)
UnityEngine.ResourceManagement.AsyncOperations.<>c__DisplayClass57_0:<add_CompletedTypeless>b__0(AsyncOperationHandle`1)
System.Action`1:Invoke(T)
DelegateList`1:Invoke(T)
UnityEngine.ResourceManagement.AsyncOperations.AsyncOperationBase`1:InvokeCompletionEvent()
UnityEngine.ResourceManagement.AsyncOperations.AsyncOperationBase`1:Complete(TObject, Boolean, Exception, Boolean)
UnityEngine.ResourceManagement.AsyncOperations.ProviderOperation`1:ProviderCompleted(T, Boolean, Exception)
UnityEngine.ResourceManagement.ResourceProviders.AssetBundleResource:CompleteBundleLoad(AssetBundle)
System.Action`1:Invoke(T)
UnityEngine.AsyncOperation:InvokeCompletionEvent()
UnityEngine.ResourceManagement.ResourceProviders.InternalOp:WaitForCompletionHandler()
System.Func`1:Invoke()
UnityEngine.ResourceManagement.AsyncOperations.AsyncOperationBase`1:WaitForCompletion()
UnityEngine.ResourceManagement.AsyncOperations.AsyncOperationHandle`1:WaitForCompletion()
UnityEngine.ResourceManagement.InstanceOperation:InvokeWaitForCompletion()
UnityEngine.ResourceManagement.AsyncOperations.AsyncOperationBase`1:WaitForCompletion()
UnityEngine.ResourceManagement.AsyncOperations.AsyncOperationHandle`1:WaitForCompletion()
Singleton`1:get_Instance()
GameBase:LoadSavedData()
UnityEngine.Events.UnityAction:Invoke()
<LoadGameData>d__43:MoveNext()
UnityEngine.SetupCoroutine:InvokeMoveNext(IEnumerator, IntPtr)

[Save Convert] UserData save version 0.0.16 is target version. applying common convert
UnityEngine.Logger:Log(LogType, Object)
UnityEngine.Debug:LogWarning(Object)
SaveConverterTool.SaveConvertSystem:Convert(String, String, String, Boolean&)
DR.Save.SaveLoadManagerBase`1:LoadData()
DR.Save.SaveSystem:LoadAllData()
DR.Save.<InitSaveSystem>d__35:MoveNext()
UnityEngine.SetupCoroutine:InvokeMoveNext(IEnumerator, IntPtr)

[Save Convert] UserOption save version 0.0.16 is target version. applying common convert
UnityEngine.Logger:Log(LogType, Object)
UnityEngine.Debug:LogWarning(Object)
SaveConverterTool.SaveConvertSystem:Convert(String, String, String, Boolean&)
DR.Save.SaveLoadManagerBase`1:LoadData()
DR.Save.SaveSystem:LoadAllData()
DR.Save.<InitSaveSystem>d__35:MoveNext()
UnityEngine.SetupCoroutine:InvokeMoveNext(IEnumerator, IntPtr)

[Save Convert] GameData save version 0.0.16 is target version. applying common convert
UnityEngine.Logger:Log(LogType, Object)
UnityEngine.Debug:LogWarning(Object)
SaveConverterTool.SaveConvertSystem:Convert(String, String, String, Boolean&)
DR.Save.SaveLoadManagerBase`1:LoadData()
DR.Save.SaveSystem:LoadAllData()
DR.Save.<InitSaveSystem>d__35:MoveNext()
UnityEngine.SetupCoroutine:InvokeMoveNext(IEnumerator, IntPtr)

[Save Convert] GameData Converting... Prev Ver : -100, Next Ver : -100
UnityEngine.Logger:Log(LogType, Object)
UnityEngine.Debug:LogWarning(Object)
SaveConverterTool.SaveConverterBase:ConvertToTargetVersion(JObject)
SaveConverterTool.SaveConverter_GD_Common:ConvertToTargetVersion(JObject)
SaveConverterTool.<>c__DisplayClass0_0:<Convert>g__ApplyCommonConvert|0()
SaveConverterTool.SaveConvertSystem:Convert(String, String, String, Boolean&)
DR.Save.SaveLoadManagerBase`1:LoadData()
DR.Save.SaveSystem:LoadAllData()
DR.Save.<InitSaveSystem>d__35:MoveNext()
UnityEngine.SetupCoroutine:InvokeMoveNext(IEnumerator, IntPtr)

[Save Convert] GameData Applied Common Converting
UnityEngine.Logger:Log(LogType, Object)
UnityEngine.Debug:LogWarning(Object)
SaveConverterTool.SaveConverter_GD_Common:ConvertCommon(JObject)
SaveConverterTool.<>c__DisplayClass0_0:<Convert>g__ApplyCommonConvert|0()
SaveConverterTool.SaveConvertSystem:Convert(String, String, String, Boolean&)
DR.Save.SaveLoadManagerBase`1:LoadData()
DR.Save.SaveSystem:LoadAllData()
DR.Save.<InitSaveSystem>d__35:MoveNext()
UnityEngine.SetupCoroutine:InvokeMoveNext(IEnumerator, IntPtr)

[Save Convert] PhotoData save version 0.0.16 is target version. applying common convert
UnityEngine.Logger:Log(LogType, Object)
UnityEngine.Debug:LogWarning(Object)
SaveConverterTool.SaveConvertSystem:Convert(String, String, String, Boolean&)
DR.Save.SaveLoadManagerBase`1:LoadData()
DR.Save.SaveSystem:LoadAllData()
DR.Save.<InitSaveSystem>d__35:MoveNext()
UnityEngine.SetupCoroutine:InvokeMoveNext(IEnumerator, IntPtr)

httpCode=OK, Rescode=2001
UnityEngine.Logger:LogFormat(LogType, String, Object[])
UnityEngine.Debug:LogFormat(String, Object[])
Steamworks.APIDispatchDelegate:Invoke(T, Boolean)
Steamworks.CallResult`1:OnRunCallResult(IntPtr, Boolean, UInt64)
Steamworks.CallbackDispatcher:RunFrame(Boolean)

Unloading 6 Unused Serialized files (Serialized files now loaded: 28)
UnloadTime: 1.350900 ms

Unloading 29 unused Assets to reduce memory usage. Loaded Objects now: 51066.
Total: 69.368200 ms (FindLiveObjects: 2.101000 ms CreateObjectMapping: 2.624700 ms MarkObjects: 64.438500 ms  DeleteObjects: 0.203300 ms)

Setting up 6 worker threads for Enlighten.
  Thread -> id: 6394 -> priority: 1 
  Thread -> id: 6398 -> priority: 1 
  Thread -> id: 639c -> priority: 1 
  Thread -> id: 63a0 -> priority: 1 
  Thread -> id: 63a4 -> priority: 1 
  Thread -> id: 63a8 -> priority: 1 
Curl error 42: Callback aborted
